<?xml version="1.0" encoding="UTF-8"?>
<testsuites name="Mocha Tests" time="2.2560" tests="1" failures="0">
  <testsuite name="Root Suite" timestamp="2020-11-15T23:01:17" tests="0" file="cypress\integration\secondTest.spec.js" time="0.0000" failures="0">
  </testsuite>
  <testsuite name="Test log out" timestamp="2020-11-15T23:01:17" tests="1" time="2.2560" failures="0">
    <testcase name="Test log out verify use can log out successfully" time="2.2560" classname="verify use can log out successfully">
    </testcase>
  </testsuite>
</testsuites>